<?xml version="1.0" encoding="UTF-8"?>
<testsuite xmlns:xsi="http://www.w3.org/2001/XMLSchema-instance" xsi:noNamespaceSchemaLocation="https://maven.apache.org/surefire/maven-surefire-plugin/xsd/surefire-test-report.xsd" name="org.bhavani.test.AppTest" time="0.047" tests="1" errors="0" skipped="0" failures="0">
  <properties>
    <property name="sun.desktop" value="windows"/>
    <property name="awt.toolkit" value="sun.awt.windows.WToolkit"/>
    <property name="file.encoding.pkg" value="sun.io"/>
    <property name="java.specification.version" value="1.8"/>
    <property name="sun.cpu.isalist" value="amd64"/>
    <property name="sun.jnu.encoding" value="Cp1252"/>
    <property name="java.class.path" value="E:\Maven_Learning\MavenTestProject\target\test-classes;E:\Maven_Learning\MavenTestProject\target\classes;C:\Users\kh9187\.m2\repository\junit\junit\4.11\junit-4.11.jar;C:\Users\kh9187\.m2\repository\org\hamcrest\hamcrest-core\1.3\hamcrest-core-1.3.jar;C:\Users\kh9187\.m2\repository\org\slf4j\slf4j-api\1.7.25\slf4j-api-1.7.25.jar;"/>
    <property name="java.vm.vendor" value="Oracle Corporation"/>
    <property name="sun.arch.data.model" value="64"/>
    <property name="user.variant" value=""/>
    <property name="java.vendor.url" value="http://java.oracle.com/"/>
    <property name="user.timezone" value=""/>
    <property name="java.vm.specification.version" value="1.8"/>
    <property name="os.name" value="Windows 10"/>
    <property name="user.country" value="IN"/>
    <property name="sun.java.launcher" value="SUN_STANDARD"/>
    <property name="sun.boot.library.path" value="C:\Program Files\Java\jdk1.8.0_181\jre\bin"/>
    <property name="sun.java.command" value="C:\Users\kh9187\AppData\Local\Temp\surefire8339120556395047506\surefirebooter7226641927366720366.jar C:\Users\kh9187\AppData\Local\Temp\surefire8339120556395047506 2018-09-08T12-46-35_068-jvmRun1 surefire8641790441623249058tmp surefire_01911829734443859997tmp"/>
    <property name="surefire.test.class.path" value="E:\Maven_Learning\MavenTestProject\target\test-classes;E:\Maven_Learning\MavenTestProject\target\classes;C:\Users\kh9187\.m2\repository\junit\junit\4.11\junit-4.11.jar;C:\Users\kh9187\.m2\repository\org\hamcrest\hamcrest-core\1.3\hamcrest-core-1.3.jar;C:\Users\kh9187\.m2\repository\org\slf4j\slf4j-api\1.7.25\slf4j-api-1.7.25.jar;"/>
    <property name="sun.cpu.endian" value="little"/>
    <property name="user.home" value="C:\Users\kh9187"/>
    <property name="user.language" value="en"/>
    <property name="java.specification.vendor" value="Oracle Corporation"/>
    <property name="java.home" value="C:\Program Files\Java\jdk1.8.0_181\jre"/>
    <property name="basedir" value="E:\Maven_Learning\MavenTestProject"/>
    <property name="file.separator" value="\"/>
    <property name="line.separator" value="&#10;"/>
    <property name="java.vm.specification.vendor" value="Oracle Corporation"/>
    <property name="java.specification.name" value="Java Platform API Specification"/>
    <property name="java.awt.graphicsenv" value="sun.awt.Win32GraphicsEnvironment"/>
    <property name="surefire.real.class.path" value="C:\Users\kh9187\AppData\Local\Temp\surefire8339120556395047506\surefirebooter7226641927366720366.jar"/>
    <property name="sun.boot.class.path" value="C:\Program Files\Java\jdk1.8.0_181\jre\lib\resources.jar;C:\Program Files\Java\jdk1.8.0_181\jre\lib\rt.jar;C:\Program Files\Java\jdk1.8.0_181\jre\lib\sunrsasign.jar;C:\Program Files\Java\jdk1.8.0_181\jre\lib\jsse.jar;C:\Program Files\Java\jdk1.8.0_181\jre\lib\jce.jar;C:\Program Files\Java\jdk1.8.0_181\jre\lib\charsets.jar;C:\Program Files\Java\jdk1.8.0_181\jre\lib\jfr.jar;C:\Program Files\Java\jdk1.8.0_181\jre\classes"/>
    <property name="user.script" value=""/>
    <property name="sun.management.compiler" value="HotSpot 64-Bit Tiered Compilers"/>
    <property name="java.runtime.version" value="1.8.0_181-b13"/>
    <property name="user.name" value="KH2151"/>
    <property name="path.separator" value=";"/>
    <property name="os.version" value="10.0"/>
    <property name="java.endorsed.dirs" value="C:\Program Files\Java\jdk1.8.0_181\jre\lib\endorsed"/>
    <property name="java.runtime.name" value="Java(TM) SE Runtime Environment"/>
    <property name="file.encoding" value="Cp1252"/>
    <property name="java.vm.name" value="Java HotSpot(TM) 64-Bit Server VM"/>
    <property name="localRepository" value="C:\Users\kh9187\.m2\repository"/>
    <property name="java.vendor.url.bug" value="http://bugreport.sun.com/bugreport/"/>
    <property name="java.io.tmpdir" value="C:\Users\kh9187\AppData\Local\Temp\"/>
    <property name="java.version" value="1.8.0_181"/>
    <property name="user.dir" value="E:\Maven_Learning\MavenTestProject"/>
    <property name="os.arch" value="amd64"/>
    <property name="java.vm.specification.name" value="Java Virtual Machine Specification"/>
    <property name="java.awt.printerjob" value="sun.awt.windows.WPrinterJob"/>
    <property name="sun.os.patch.level" value=""/>
    <property name="java.library.path" value="C:\Program Files\Java\jdk1.8.0_181\jre\bin;C:\WINDOWS\Sun\Java\bin;C:\WINDOWS\system32;C:\WINDOWS;C:\Program Files (x86)\Common Files\Oracle\Java\javapath;C:\ProgramData\Oracle\Java\javapath;C:\Python27;C:\Python27\Scripts;C:\Python27\Tools;C:\Python27\Lib;C:\Python27\Lib\site-packages;C:\Program Files (x86)\Intel\iCLS Client\;C:\Program Files\Intel\iCLS Client\;C:\WINDOWS\system32;C:\WINDOWS;C:\WINDOWS\System32\Wbem;C:\WINDOWS\System32\WindowsPowerShell\v1.0\;C:\Program Files (x86)\Intel\Intel(R) Management Engine Components\DAL;C:\Program Files\Intel\Intel(R) Management Engine Components\DAL;C:\Program Files (x86)\Intel\Intel(R) Management Engine Components\IPT;C:\Program Files\Intel\Intel(R) Management Engine Components\IPT;C:\apache-ant-1.9.6\bin;C:\apache-maven-3.3.9-bin\apache-maven-3.3.9\bin;C:\Program Files\Java\jdk1.7.0_79\bin;C:\Program Files\TortoiseSVN\bin;C:\Program Files (x86)\Subversion\bin;C:\Program Files\TortoiseGit\bin;C:\Program Files\Git\cmd;C:\Program Files (x86)\Common Files\lenovo\easyplussdk\bin;C:\Program Files\Git\bin;C:\Program Files\Amazon\AWSCLI\;C:\Program Files\Amazon\AWSCLI;C:\Program Files (x86)\GnuWin32\bin;C:\Users\kh9187\Desktop\s3cmd-1.6.1\s3cmd-1.6.1\S3;C:\Program Files (x86)\GNU\GnuPG\pub;C:\ProgramData\chocolatey\bin;C:\Users\kh9187\.boto;D:\sonar-scanner-cli-3.0.3.778-windows\sonar-scanner-3.0.3.778-windows\bin;C:\Program Files\Git\usr\bin;C:\Program Files\Kony\ImageMagick;C:\Program Files\Kony\Ant\bin;C:\Program Files\Java\jdk1.8.0_73\bin;D:\kony7.0/gradle/bin;D:\kony7.0\ImageMagick;D:\kony7.0\Ant\bin;D:\KonyVisualizer7.0.16_QA_Enterprise/gradle/bin;D:\KonyVisualizer7.0.16_QA_Enterprise\ImageMagick;D:\KonyVisualizer7.0.16_QA_Enterprise\Ant\bin;D:\KonyVisualizer7.0.16_QA_Enterprise\Java\jdk1.7.0_67\bin;E:\KonyVisualizerEnterprise7.0.0.17_QA/gradle/bin;E:\KonyVisualizerEnterprise7.0.0.17_QA\ImageMagick;E:\KonyVisualizerEnterprise7.0.0.17_QA\Ant\bin;E:\KonyVisualizerEnterprise7.0.0.17_QA\Java\jdk1.7.0_67\bin;C:\KonyVisualizerEnterprise7.0.0.18_QA/gradle/bin;C:\KonyVisualizerEnterprise7.0.0.18_QA\ImageMagick;C:\KonyVisualizerEnterprise7.0.0.18_QA\Ant\bin;C:\KonyVisualizerEnterprise7.0.0.18_QA\Java\jdk1.7.0_67\bin;C:\KonyVisualizerEnterprise7.0.0.GA/gradle/bin;C:\KonyVisualizerEnterprise7.0.0.GA\ImageMagick;C:\KonyVisualizerEnterprise7.0.0.GA\Ant\bin;C:\KonyVisualizerEnterprise7.0.0.GA\Java\jdk1.7.0_67\bin;E:\KonyVisualizer7.0GA/gradle/bin;E:\KonyVisualizer7.0GA\ImageMagick;E:\KonyVisualizer7.0GA\Ant\bin;E:\KonyVisualizer7.0GA\Java\jdk1.7.0_67\bin;E:\KonyVisualizerGA7.0Updated/gradle/bin;E:\KonyVisualizerGA7.0Updated\ImageMagick;E:\KonyVisualizerGA7.0Updated\Ant\bin;E:\KonyVisualizerGA7.0Updated\Java\jdk1.7.0_67\bin;C:\Program Files\KonyNaveen\ImageMagick;C:\Program Files\KonyNaveen\Ant\bin;E:\7.0.0GA/gradle/bin;E:\7.0.0GA\ImageMagick;E:\7.0.0GA\Ant\bin;E:\7.0.0GA\Java\jdk1.7.0_67\bin;C:\KonyVisualizerEnterprise7.3.0\ImageMagick;C:\KonyVisualizerEnterprise7.3.0\Ant\bin;C:\Users\kh9187\.boto;D:\sonar-scanner-cli-3.0.3.778-windows\sonar-scanner-3.0.3.778-windows\bin;C:\Users\kh9187\AppData\Local\Microsoft\WindowsApps;C:\Users\kh9187\Downloads\xmlstarlet-1.6.1-win32\xmlstarlet-1.6.1;;."/>
    <property name="java.vm.info" value="mixed mode"/>
    <property name="java.vendor" value="Oracle Corporation"/>
    <property name="java.vm.version" value="25.181-b13"/>
    <property name="java.ext.dirs" value="C:\Program Files\Java\jdk1.8.0_181\jre\lib\ext;C:\WINDOWS\Sun\Java\lib\ext"/>
    <property name="sun.io.unicode.encoding" value="UnicodeLittle"/>
    <property name="java.class.version" value="52.0"/>
  </properties>
  <testcase name="shouldAnswerWithTrue" classname="org.bhavani.test.AppTest" time="0.006"/>
</testsuite>